app/build/intermediates/manifest_merge_blame_file/debug/manifest-merger-blame-debug-report.txt
1<?xml version="1.0" encoding="utf-8"?>
2<manifest xmlns:android="http://schemas.android.com/apk/res/android"
3    package="com.example.flirtandroid"
4    android:versionCode="1"
5    android:versionName="1.0" >
6
7    <uses-sdk
8        android:minSdkVersion="24"
8-->src/main/AndroidManifest.xml
9        android:targetSdkVersion="33" />
9-->src/main/AndroidManifest.xml
10
11    <uses-permission android:name="android.permission.INTERNET" />
11-->src/main/AndroidManifest.xml:5:5-67
11-->src/main/AndroidManifest.xml:5:22-64
12    <uses-permission android:name="android.permission.ACCESS_NETWORK_STATE" />
12-->src/main/AndroidManifest.xml:6:5-79
12-->src/main/AndroidManifest.xml:6:22-76
13    <uses-permission android:name="android.permission.ACCESS_WIFI_STATE" />
13-->src/main/AndroidManifest.xml:7:5-76
13-->src/main/AndroidManifest.xml:7:22-73
14    <uses-permission android:name="android.permission.CAMERA" />
14-->src/main/AndroidManifest.xml:8:5-65
14-->src/main/AndroidManifest.xml:8:22-62
15    <uses-permission android:name="android.permission.READ_EXTERNAL_STORAGE" />
15-->src/main/AndroidManifest.xml:9:5-80
15-->src/main/AndroidManifest.xml:9:22-77
16    <uses-permission android:name="android.permission.ACCESS_FINE_LOCATION" />
16-->src/main/AndroidManifest.xml:10:5-79
16-->src/main/AndroidManifest.xml:10:22-76
17    <uses-permission android:name="android.permission.ACCESS_COARSE_LOCATION" />
17-->src/main/AndroidManifest.xml:11:5-81
17-->src/main/AndroidManifest.xml:11:22-78
18
19    <!-- Create a unique permission for your app and use it so only your app can receive your OneSignal messages. -->
20    <permission
20-->[com.onesignal:OneSignal:4.8.6] AndroidManifest.xml:7:5-9:47
21        android:name="com.example.flirtandroid.permission.C2D_MESSAGE"
21-->[com.onesignal:OneSignal:4.8.6] AndroidManifest.xml:8:9-63
22        android:protectionLevel="signature" />
22-->[com.onesignal:OneSignal:4.8.6] AndroidManifest.xml:9:9-44
23
24    <uses-permission android:name="com.example.flirtandroid.permission.C2D_MESSAGE" /> <!-- c2dm RECEIVE are basic requirements for push messages through Google's FCM -->
24-->[com.onesignal:OneSignal:4.8.6] AndroidManifest.xml:11:5-79
24-->[com.onesignal:OneSignal:4.8.6] AndroidManifest.xml:11:22-76
25    <uses-permission android:name="com.google.android.c2dm.permission.RECEIVE" /> <!-- Required, makes sure notifications are delivered on time. -->
25-->[com.onesignal:OneSignal:4.8.6] AndroidManifest.xml:18:5-82
25-->[com.onesignal:OneSignal:4.8.6] AndroidManifest.xml:18:22-79
26    <uses-permission android:name="android.permission.WAKE_LOCK" />
26-->[com.onesignal:OneSignal:4.8.6] AndroidManifest.xml:19:5-68
26-->[com.onesignal:OneSignal:4.8.6] AndroidManifest.xml:19:22-65
27    <!--
28 Required so the device vibrates on receiving a push notification.
29         Vibration settings of the device still apply.
30    -->
31    <uses-permission android:name="android.permission.VIBRATE" />
31-->[com.onesignal:OneSignal:4.8.6] AndroidManifest.xml:24:5-66
31-->[com.onesignal:OneSignal:4.8.6] AndroidManifest.xml:24:22-63
32    <!--
33 Use to restore notifications the user hasn't interacted with.
34         They could be missed notifications if the user reboots their device if this isn't in place.
35    -->
36    <uses-permission android:name="android.permission.RECEIVE_BOOT_COMPLETED" /> <!-- START: ShortcutBadger -->
36-->[com.onesignal:OneSignal:4.8.6] AndroidManifest.xml:30:5-81
36-->[com.onesignal:OneSignal:4.8.6] AndroidManifest.xml:30:22-78
37    <!-- Samsung -->
38    <uses-permission android:name="com.sec.android.provider.badge.permission.READ" />
38-->[com.onesignal:OneSignal:4.8.6] AndroidManifest.xml:32:5-86
38-->[com.onesignal:OneSignal:4.8.6] AndroidManifest.xml:32:22-83
39    <uses-permission android:name="com.sec.android.provider.badge.permission.WRITE" /> <!-- HTC -->
39-->[com.onesignal:OneSignal:4.8.6] AndroidManifest.xml:33:5-87
39-->[com.onesignal:OneSignal:4.8.6] AndroidManifest.xml:33:22-84
40    <uses-permission android:name="com.htc.launcher.permission.READ_SETTINGS" />
40-->[com.onesignal:OneSignal:4.8.6] AndroidManifest.xml:34:5-81
40-->[com.onesignal:OneSignal:4.8.6] AndroidManifest.xml:34:22-78
41    <uses-permission android:name="com.htc.launcher.permission.UPDATE_SHORTCUT" /> <!-- Sony -->
41-->[com.onesignal:OneSignal:4.8.6] AndroidManifest.xml:35:5-83
41-->[com.onesignal:OneSignal:4.8.6] AndroidManifest.xml:35:22-80
42    <uses-permission android:name="com.sonyericsson.home.permission.BROADCAST_BADGE" />
42-->[com.onesignal:OneSignal:4.8.6] AndroidManifest.xml:36:5-88
42-->[com.onesignal:OneSignal:4.8.6] AndroidManifest.xml:36:22-85
43    <uses-permission android:name="com.sonymobile.home.permission.PROVIDER_INSERT_BADGE" /> <!-- Apex -->
43-->[com.onesignal:OneSignal:4.8.6] AndroidManifest.xml:37:5-92
43-->[com.onesignal:OneSignal:4.8.6] AndroidManifest.xml:37:22-89
44    <uses-permission android:name="com.anddoes.launcher.permission.UPDATE_COUNT" /> <!-- Solid -->
44-->[com.onesignal:OneSignal:4.8.6] AndroidManifest.xml:38:5-84
44-->[com.onesignal:OneSignal:4.8.6] AndroidManifest.xml:38:22-81
45    <uses-permission android:name="com.majeur.launcher.permission.UPDATE_BADGE" /> <!-- Huawei -->
45-->[com.onesignal:OneSignal:4.8.6] AndroidManifest.xml:39:5-83
45-->[com.onesignal:OneSignal:4.8.6] AndroidManifest.xml:39:22-80
46    <uses-permission android:name="com.huawei.android.launcher.permission.CHANGE_BADGE" />
46-->[com.onesignal:OneSignal:4.8.6] AndroidManifest.xml:40:5-91
46-->[com.onesignal:OneSignal:4.8.6] AndroidManifest.xml:40:22-88
47    <uses-permission android:name="com.huawei.android.launcher.permission.READ_SETTINGS" />
47-->[com.onesignal:OneSignal:4.8.6] AndroidManifest.xml:41:5-92
47-->[com.onesignal:OneSignal:4.8.6] AndroidManifest.xml:41:22-89
48    <uses-permission android:name="com.huawei.android.launcher.permission.WRITE_SETTINGS" /> <!-- ZUK -->
48-->[com.onesignal:OneSignal:4.8.6] AndroidManifest.xml:42:5-93
48-->[com.onesignal:OneSignal:4.8.6] AndroidManifest.xml:42:22-90
49    <uses-permission android:name="android.permission.READ_APP_BADGE" /> <!-- OPPO -->
49-->[com.onesignal:OneSignal:4.8.6] AndroidManifest.xml:43:5-73
49-->[com.onesignal:OneSignal:4.8.6] AndroidManifest.xml:43:22-70
50    <uses-permission android:name="com.oppo.launcher.permission.READ_SETTINGS" />
50-->[com.onesignal:OneSignal:4.8.6] AndroidManifest.xml:44:5-82
50-->[com.onesignal:OneSignal:4.8.6] AndroidManifest.xml:44:22-79
51    <uses-permission android:name="com.oppo.launcher.permission.WRITE_SETTINGS" /> <!-- EvMe -->
51-->[com.onesignal:OneSignal:4.8.6] AndroidManifest.xml:45:5-83
51-->[com.onesignal:OneSignal:4.8.6] AndroidManifest.xml:45:22-80
52    <uses-permission android:name="me.everything.badger.permission.BADGE_COUNT_READ" />
52-->[com.onesignal:OneSignal:4.8.6] AndroidManifest.xml:46:5-88
52-->[com.onesignal:OneSignal:4.8.6] AndroidManifest.xml:46:22-85
53    <uses-permission android:name="me.everything.badger.permission.BADGE_COUNT_WRITE" />
53-->[com.onesignal:OneSignal:4.8.6] AndroidManifest.xml:47:5-89
53-->[com.onesignal:OneSignal:4.8.6] AndroidManifest.xml:47:22-86
54    <uses-permission android:name="com.google.android.finsky.permission.BIND_GET_INSTALL_REFERRER_SERVICE" />
54-->[com.google.android.gms:play-services-measurement:20.1.2] AndroidManifest.xml:26:5-110
54-->[com.google.android.gms:play-services-measurement:20.1.2] AndroidManifest.xml:26:22-107
55    <uses-permission android:name="com.google.android.gms.permission.AD_ID" />
55-->[com.google.android.gms:play-services-measurement-api:20.1.2] AndroidManifest.xml:25:5-79
55-->[com.google.android.gms:play-services-measurement-api:20.1.2] AndroidManifest.xml:25:22-76
56    <uses-permission android:name="android.permission.FOREGROUND_SERVICE" />
56-->[androidx.work:work-runtime:2.7.1] AndroidManifest.xml:28:5-77
56-->[androidx.work:work-runtime:2.7.1] AndroidManifest.xml:28:22-74
57
58    <permission
58-->[androidx.core:core:1.9.0] AndroidManifest.xml:22:5-24:47
59        android:name="com.example.flirtandroid.DYNAMIC_RECEIVER_NOT_EXPORTED_PERMISSION"
59-->[androidx.core:core:1.9.0] AndroidManifest.xml:23:9-81
60        android:protectionLevel="signature" />
60-->[androidx.core:core:1.9.0] AndroidManifest.xml:24:9-44
61
62    <uses-permission android:name="com.example.flirtandroid.DYNAMIC_RECEIVER_NOT_EXPORTED_PERMISSION" />
62-->[androidx.core:core:1.9.0] AndroidManifest.xml:26:5-97
62-->[androidx.core:core:1.9.0] AndroidManifest.xml:26:22-94
63
64    <application
64-->src/main/AndroidManifest.xml:16:5-139:19
65        android:allowBackup="true"
65-->src/main/AndroidManifest.xml:17:9-35
66        android:appComponentFactory="androidx.core.app.CoreComponentFactory"
66-->[androidx.core:core:1.9.0] AndroidManifest.xml:28:18-86
67        android:dataExtractionRules="@xml/data_extraction_rules"
67-->src/main/AndroidManifest.xml:18:9-65
68        android:debuggable="true"
69        android:extractNativeLibs="false"
70        android:fullBackupContent="@xml/backup_rules"
70-->src/main/AndroidManifest.xml:19:9-54
71        android:icon="@drawable/app_icon"
71-->src/main/AndroidManifest.xml:20:9-42
72        android:label="@string/app_name"
72-->src/main/AndroidManifest.xml:21:9-41
73        android:roundIcon="@drawable/app_icon"
73-->src/main/AndroidManifest.xml:22:9-47
74        android:supportsRtl="true"
74-->src/main/AndroidManifest.xml:23:9-35
75        android:testOnly="true"
76        android:theme="@style/Theme.FlirtAndroid" >
76-->src/main/AndroidManifest.xml:24:9-50
77        <activity
77-->src/main/AndroidManifest.xml:26:9-29:40
78            android:name="com.example.flirtandroid.acitivities.extras.newFeedBackActivity"
78-->src/main/AndroidManifest.xml:27:13-67
79            android:exported="false"
79-->src/main/AndroidManifest.xml:29:13-37
80            android:theme="@style/Theme.FlirtAndroid.NoActionBar" />
80-->src/main/AndroidManifest.xml:28:13-66
81        <activity
81-->src/main/AndroidManifest.xml:30:9-33:69
82            android:name="com.example.flirtandroid.acitivities.extras.newPersonInterestActivity"
82-->src/main/AndroidManifest.xml:31:13-73
83            android:exported="false"
83-->src/main/AndroidManifest.xml:32:13-37
84            android:theme="@style/Theme.FlirtAndroid.NoActionBar" />
84-->src/main/AndroidManifest.xml:33:13-66
85        <activity
85-->src/main/AndroidManifest.xml:34:9-37:69
86            android:name="com.example.flirtandroid.acitivities.extras.Upload_AddInterestActivity"
86-->src/main/AndroidManifest.xml:35:13-74
87            android:exported="false"
87-->src/main/AndroidManifest.xml:36:13-37
88            android:theme="@style/Theme.FlirtAndroid.NoActionBar" />
88-->src/main/AndroidManifest.xml:37:13-66
89
90        <service
90-->src/main/AndroidManifest.xml:39:9-45:19
91            android:name="com.example.flirtandroid.Utils.MyFirebaseMessagingService"
91-->src/main/AndroidManifest.xml:40:13-61
92            android:exported="false" >
92-->src/main/AndroidManifest.xml:41:13-37
93            <intent-filter>
93-->src/main/AndroidManifest.xml:42:13-44:29
94                <action android:name="com.google.firebase.MESSAGING_EVENT" />
94-->src/main/AndroidManifest.xml:43:17-78
94-->src/main/AndroidManifest.xml:43:25-75
95            </intent-filter>
96        </service>
97
98        <activity
98-->src/main/AndroidManifest.xml:47:9-50:69
99            android:name="com.example.flirtandroid.acitivities.extras.DetailActivity"
99-->src/main/AndroidManifest.xml:48:13-62
100            android:exported="false"
100-->src/main/AndroidManifest.xml:49:13-37
101            android:theme="@style/Theme.FlirtAndroid.NoActionBar" />
101-->src/main/AndroidManifest.xml:50:13-66
102        <activity
102-->src/main/AndroidManifest.xml:51:9-54:69
103            android:name="com.example.flirtandroid.acitivities.RegisterActivity"
103-->src/main/AndroidManifest.xml:52:13-57
104            android:exported="false"
104-->src/main/AndroidManifest.xml:53:13-37
105            android:theme="@style/Theme.FlirtAndroid.NoActionBar" />
105-->src/main/AndroidManifest.xml:54:13-66
106        <activity
106-->src/main/AndroidManifest.xml:55:9-58:69
107            android:name="com.example.flirtandroid.acitivities.VerifyCodeActivity"
107-->src/main/AndroidManifest.xml:56:13-59
108            android:exported="false"
108-->src/main/AndroidManifest.xml:57:13-37
109            android:theme="@style/Theme.FlirtAndroid.NoActionBar" />
109-->src/main/AndroidManifest.xml:58:13-66
110        <activity
110-->src/main/AndroidManifest.xml:59:9-62:69
111            android:name="com.example.flirtandroid.acitivities.SignedUpActivity"
111-->src/main/AndroidManifest.xml:60:13-57
112            android:exported="false"
112-->src/main/AndroidManifest.xml:61:13-37
113            android:theme="@style/Theme.FlirtAndroid.NoActionBar" />
113-->src/main/AndroidManifest.xml:62:13-66
114        <activity
114-->src/main/AndroidManifest.xml:63:9-66:69
115            android:name="com.example.flirtandroid.acitivities.FeedBackActivity"
115-->src/main/AndroidManifest.xml:64:13-57
116            android:exported="false"
116-->src/main/AndroidManifest.xml:65:13-37
117            android:theme="@style/Theme.FlirtAndroid.NoActionBar" />
117-->src/main/AndroidManifest.xml:66:13-66
118        <activity
118-->src/main/AndroidManifest.xml:67:9-70:69
119            android:name="com.example.flirtandroid.acitivities.PersonInterestActivity"
119-->src/main/AndroidManifest.xml:68:13-63
120            android:exported="false"
120-->src/main/AndroidManifest.xml:69:13-37
121            android:theme="@style/Theme.FlirtAndroid.NoActionBar" />
121-->src/main/AndroidManifest.xml:70:13-66
122        <activity
122-->src/main/AndroidManifest.xml:71:9-74:69
123            android:name="com.example.flirtandroid.acitivities.ManageAccountActivity"
123-->src/main/AndroidManifest.xml:72:13-62
124            android:exported="false"
124-->src/main/AndroidManifest.xml:73:13-37
125            android:theme="@style/Theme.FlirtAndroid.NoActionBar" />
125-->src/main/AndroidManifest.xml:74:13-66
126        <activity
126-->src/main/AndroidManifest.xml:75:9-78:69
127            android:name="com.example.flirtandroid.acitivities.ChangePasswordActivity"
127-->src/main/AndroidManifest.xml:76:13-63
128            android:exported="false"
128-->src/main/AndroidManifest.xml:77:13-37
129            android:theme="@style/Theme.FlirtAndroid.NoActionBar" />
129-->src/main/AndroidManifest.xml:78:13-66
130        <activity
130-->src/main/AndroidManifest.xml:79:9-82:69
131            android:name="com.example.flirtandroid.acitivities.PrivacyActivity"
131-->src/main/AndroidManifest.xml:80:13-56
132            android:exported="false"
132-->src/main/AndroidManifest.xml:81:13-37
133            android:theme="@style/Theme.FlirtAndroid.NoActionBar" />
133-->src/main/AndroidManifest.xml:82:13-66
134        <activity
134-->src/main/AndroidManifest.xml:83:9-86:69
135            android:name="com.example.flirtandroid.acitivities.SubscriptionAcitivty"
135-->src/main/AndroidManifest.xml:84:13-61
136            android:exported="false"
136-->src/main/AndroidManifest.xml:85:13-37
137            android:theme="@style/Theme.FlirtAndroid.NoActionBar" />
137-->src/main/AndroidManifest.xml:86:13-66
138        <activity
138-->src/main/AndroidManifest.xml:87:9-90:69
139            android:name="com.example.flirtandroid.acitivities.EditAccountActivity"
139-->src/main/AndroidManifest.xml:88:13-60
140            android:exported="false"
140-->src/main/AndroidManifest.xml:89:13-37
141            android:theme="@style/Theme.FlirtAndroid.NoActionBar" />
141-->src/main/AndroidManifest.xml:90:13-66
142        <activity
142-->src/main/AndroidManifest.xml:91:9-94:69
143            android:name="com.example.flirtandroid.acitivities.AddInterestActivity"
143-->src/main/AndroidManifest.xml:92:13-60
144            android:exported="false"
144-->src/main/AndroidManifest.xml:93:13-37
145            android:theme="@style/Theme.FlirtAndroid.NoActionBar" />
145-->src/main/AndroidManifest.xml:94:13-66
146        <activity
146-->src/main/AndroidManifest.xml:95:9-99:69
147            android:name="com.example.flirtandroid.acitivities.CreateMatchActivity"
147-->src/main/AndroidManifest.xml:96:13-60
148            android:exported="false"
148-->src/main/AndroidManifest.xml:97:13-37
149            android:label="CreateMatchActivity"
149-->src/main/AndroidManifest.xml:98:13-48
150            android:theme="@style/Theme.FlirtAndroid.NoActionBar" />
150-->src/main/AndroidManifest.xml:99:13-66
151        <activity
151-->src/main/AndroidManifest.xml:100:9-104:69
152            android:name="com.example.flirtandroid.acitivities.HomeActivity"
152-->src/main/AndroidManifest.xml:101:13-53
153            android:exported="false"
153-->src/main/AndroidManifest.xml:102:13-37
154            android:label="@string/title_activity_home"
154-->src/main/AndroidManifest.xml:103:13-56
155            android:theme="@style/Theme.FlirtAndroid.NoActionBar" />
155-->src/main/AndroidManifest.xml:104:13-66
156        <activity
156-->src/main/AndroidManifest.xml:105:9-108:69
157            android:name="com.example.flirtandroid.acitivities.LoginActivity"
157-->src/main/AndroidManifest.xml:106:13-54
158            android:exported="false"
158-->src/main/AndroidManifest.xml:107:13-37
159            android:theme="@style/Theme.FlirtAndroid.NoActionBar" />
159-->src/main/AndroidManifest.xml:108:13-66
160        <activity
160-->src/main/AndroidManifest.xml:109:9-129:20
161            android:name="com.example.flirtandroid.acitivities.SplashScreen"
161-->src/main/AndroidManifest.xml:110:13-53
162            android:exported="true"
162-->src/main/AndroidManifest.xml:111:13-36
163            android:screenOrientation="portrait"
163-->src/main/AndroidManifest.xml:112:13-49
164            android:theme="@style/Theme.AppCompat.NoActionBar" >
164-->src/main/AndroidManifest.xml:113:13-63
165            <intent-filter>
165-->src/main/AndroidManifest.xml:114:13-118:29
166                <action android:name="android.intent.action.MAIN" />
166-->src/main/AndroidManifest.xml:115:17-69
166-->src/main/AndroidManifest.xml:115:25-66
167
168                <category android:name="android.intent.category.LAUNCHER" />
168-->src/main/AndroidManifest.xml:117:17-77
168-->src/main/AndroidManifest.xml:117:27-74
169            </intent-filter>
170            <intent-filter>
170-->src/main/AndroidManifest.xml:119:13-128:29
171                <action android:name="android.intent.action.VIEW" />
171-->src/main/AndroidManifest.xml:120:17-69
171-->src/main/AndroidManifest.xml:120:25-66
172
173                <category android:name="android.intent.category.DEFAULT" />
173-->src/main/AndroidManifest.xml:122:17-76
173-->src/main/AndroidManifest.xml:122:27-73
174                <category android:name="android.intent.category.BROWSABLE" />
174-->src/main/AndroidManifest.xml:123:17-78
174-->src/main/AndroidManifest.xml:123:27-75
175
176                <data android:scheme="Basic-D" />
176-->src/main/AndroidManifest.xml:125:17-127:54
176-->src/main/AndroidManifest.xml:126:21-45
177            </intent-filter>
178        </activity>
179        <activity
179-->src/main/AndroidManifest.xml:130:9-134:69
180            android:name="com.example.flirtandroid.acitivities.MainActivity"
180-->src/main/AndroidManifest.xml:131:13-53
181            android:exported="true"
181-->src/main/AndroidManifest.xml:132:13-36
182            android:label="@string/app_name"
182-->src/main/AndroidManifest.xml:133:13-45
183            android:theme="@style/Theme.FlirtAndroid.NoActionBar" />
183-->src/main/AndroidManifest.xml:134:13-66
184
185        <meta-data
185-->src/main/AndroidManifest.xml:136:9-138:35
186            android:name="com.google.firebase.ml.vision.DEPENDENCIES"
186-->src/main/AndroidManifest.xml:137:13-70
187            android:value="ocr" />
187-->src/main/AndroidManifest.xml:138:13-32
188
189        <receiver
189-->[com.onesignal:OneSignal:4.8.6] AndroidManifest.xml:50:9-61:20
190            android:name="com.onesignal.FCMBroadcastReceiver"
190-->[com.onesignal:OneSignal:4.8.6] AndroidManifest.xml:51:13-62
191            android:exported="true"
191-->[com.onesignal:OneSignal:4.8.6] AndroidManifest.xml:52:13-36
192            android:permission="com.google.android.c2dm.permission.SEND" >
192-->[com.onesignal:OneSignal:4.8.6] AndroidManifest.xml:53:13-73
193
194            <!-- High priority so OneSignal payloads can be filtered from other FCM receivers -->
195            <intent-filter android:priority="999" >
195-->[com.onesignal:OneSignal:4.8.6] AndroidManifest.xml:56:13-60:29
195-->[com.onesignal:OneSignal:4.8.6] AndroidManifest.xml:56:28-50
196                <action android:name="com.google.android.c2dm.intent.RECEIVE" />
196-->[com.onesignal:OneSignal:4.8.6] AndroidManifest.xml:57:17-81
196-->[com.onesignal:OneSignal:4.8.6] AndroidManifest.xml:57:25-78
197
198                <category android:name="com.example.flirtandroid" />
198-->[com.onesignal:OneSignal:4.8.6] AndroidManifest.xml:59:17-61
198-->[com.onesignal:OneSignal:4.8.6] AndroidManifest.xml:59:27-58
199            </intent-filter>
200        </receiver>
201
202        <service
202-->[com.onesignal:OneSignal:4.8.6] AndroidManifest.xml:63:9-69:19
203            android:name="com.onesignal.HmsMessageServiceOneSignal"
203-->[com.onesignal:OneSignal:4.8.6] AndroidManifest.xml:64:13-68
204            android:exported="false" >
204-->[com.onesignal:OneSignal:4.8.6] AndroidManifest.xml:65:13-37
205            <intent-filter>
205-->[com.onesignal:OneSignal:4.8.6] AndroidManifest.xml:66:13-68:29
206                <action android:name="com.huawei.push.action.MESSAGING_EVENT" />
206-->[com.onesignal:OneSignal:4.8.6] AndroidManifest.xml:67:17-81
206-->[com.onesignal:OneSignal:4.8.6] AndroidManifest.xml:67:25-78
207            </intent-filter>
208        </service>
209
210        <activity
210-->[com.onesignal:OneSignal:4.8.6] AndroidManifest.xml:71:9-79:20
211            android:name="com.onesignal.NotificationOpenedActivityHMS"
211-->[com.onesignal:OneSignal:4.8.6] AndroidManifest.xml:72:13-71
212            android:exported="true"
212-->[com.onesignal:OneSignal:4.8.6] AndroidManifest.xml:73:13-36
213            android:noHistory="true"
213-->[com.onesignal:OneSignal:4.8.6] AndroidManifest.xml:74:13-37
214            android:theme="@android:style/Theme.Translucent.NoTitleBar" >
214-->[com.onesignal:OneSignal:4.8.6] AndroidManifest.xml:75:13-72
215            <intent-filter>
215-->[com.onesignal:OneSignal:4.8.6] AndroidManifest.xml:76:13-78:29
216                <action android:name="android.intent.action.VIEW" />
216-->src/main/AndroidManifest.xml:120:17-69
216-->src/main/AndroidManifest.xml:120:25-66
217            </intent-filter>
218        </activity>
219
220        <service
220-->[com.onesignal:OneSignal:4.8.6] AndroidManifest.xml:81:9-83:40
221            android:name="com.onesignal.FCMIntentService"
221-->[com.onesignal:OneSignal:4.8.6] AndroidManifest.xml:82:13-58
222            android:exported="false" />
222-->[com.onesignal:OneSignal:4.8.6] AndroidManifest.xml:83:13-37
223        <service
223-->[com.onesignal:OneSignal:4.8.6] AndroidManifest.xml:84:9-87:72
224            android:name="com.onesignal.FCMIntentJobService"
224-->[com.onesignal:OneSignal:4.8.6] AndroidManifest.xml:85:13-61
225            android:exported="false"
225-->[com.onesignal:OneSignal:4.8.6] AndroidManifest.xml:86:13-37
226            android:permission="android.permission.BIND_JOB_SERVICE" />
226-->[com.onesignal:OneSignal:4.8.6] AndroidManifest.xml:87:13-69
227        <service
227-->[com.onesignal:OneSignal:4.8.6] AndroidManifest.xml:88:9-91:43
228            android:name="com.onesignal.SyncService"
228-->[com.onesignal:OneSignal:4.8.6] AndroidManifest.xml:89:13-53
229            android:exported="false"
229-->[com.onesignal:OneSignal:4.8.6] AndroidManifest.xml:90:13-37
230            android:stopWithTask="true" />
230-->[com.onesignal:OneSignal:4.8.6] AndroidManifest.xml:91:13-40
231        <service
231-->[com.onesignal:OneSignal:4.8.6] AndroidManifest.xml:92:9-95:72
232            android:name="com.onesignal.SyncJobService"
232-->[com.onesignal:OneSignal:4.8.6] AndroidManifest.xml:93:13-56
233            android:exported="false"
233-->[com.onesignal:OneSignal:4.8.6] AndroidManifest.xml:94:13-37
234            android:permission="android.permission.BIND_JOB_SERVICE" />
234-->[com.onesignal:OneSignal:4.8.6] AndroidManifest.xml:95:13-69
235
236        <activity
236-->[com.onesignal:OneSignal:4.8.6] AndroidManifest.xml:97:9-100:75
237            android:name="com.onesignal.PermissionsActivity"
237-->[com.onesignal:OneSignal:4.8.6] AndroidManifest.xml:98:13-61
238            android:exported="false"
238-->[com.onesignal:OneSignal:4.8.6] AndroidManifest.xml:99:13-37
239            android:theme="@android:style/Theme.Translucent.NoTitleBar" />
239-->[com.onesignal:OneSignal:4.8.6] AndroidManifest.xml:100:13-72
240
241        <receiver
241-->[com.onesignal:OneSignal:4.8.6] AndroidManifest.xml:102:9-104:39
242            android:name="com.onesignal.NotificationDismissReceiver"
242-->[com.onesignal:OneSignal:4.8.6] AndroidManifest.xml:103:13-69
243            android:exported="true" />
243-->[com.onesignal:OneSignal:4.8.6] AndroidManifest.xml:104:13-36
244        <receiver
244-->[com.onesignal:OneSignal:4.8.6] AndroidManifest.xml:105:9-112:20
245            android:name="com.onesignal.BootUpReceiver"
245-->[com.onesignal:OneSignal:4.8.6] AndroidManifest.xml:106:13-56
246            android:exported="true" >
246-->[com.onesignal:OneSignal:4.8.6] AndroidManifest.xml:107:13-36
247            <intent-filter>
247-->[com.onesignal:OneSignal:4.8.6] AndroidManifest.xml:108:13-111:29
248                <action android:name="android.intent.action.BOOT_COMPLETED" />
248-->[com.onesignal:OneSignal:4.8.6] AndroidManifest.xml:109:17-79
248-->[com.onesignal:OneSignal:4.8.6] AndroidManifest.xml:109:25-76
249                <action android:name="android.intent.action.QUICKBOOT_POWERON" />
249-->[com.onesignal:OneSignal:4.8.6] AndroidManifest.xml:110:17-82
249-->[com.onesignal:OneSignal:4.8.6] AndroidManifest.xml:110:25-79
250            </intent-filter>
251        </receiver>
252        <receiver
252-->[com.onesignal:OneSignal:4.8.6] AndroidManifest.xml:113:9-119:20
253            android:name="com.onesignal.UpgradeReceiver"
253-->[com.onesignal:OneSignal:4.8.6] AndroidManifest.xml:114:13-57
254            android:exported="true" >
254-->[com.onesignal:OneSignal:4.8.6] AndroidManifest.xml:115:13-36
255            <intent-filter>
255-->[com.onesignal:OneSignal:4.8.6] AndroidManifest.xml:116:13-118:29
256                <action android:name="android.intent.action.MY_PACKAGE_REPLACED" />
256-->[com.onesignal:OneSignal:4.8.6] AndroidManifest.xml:117:17-84
256-->[com.onesignal:OneSignal:4.8.6] AndroidManifest.xml:117:25-81
257            </intent-filter>
258        </receiver>
259
260        <activity
260-->[com.onesignal:OneSignal:4.8.6] AndroidManifest.xml:121:9-127:75
261            android:name="com.onesignal.NotificationOpenedReceiver"
261-->[com.onesignal:OneSignal:4.8.6] AndroidManifest.xml:122:13-68
262            android:excludeFromRecents="true"
262-->[com.onesignal:OneSignal:4.8.6] AndroidManifest.xml:123:13-46
263            android:exported="true"
263-->[com.onesignal:OneSignal:4.8.6] AndroidManifest.xml:124:13-36
264            android:noHistory="true"
264-->[com.onesignal:OneSignal:4.8.6] AndroidManifest.xml:125:13-37
265            android:taskAffinity=""
265-->[com.onesignal:OneSignal:4.8.6] AndroidManifest.xml:126:13-36
266            android:theme="@android:style/Theme.Translucent.NoTitleBar" />
266-->[com.onesignal:OneSignal:4.8.6] AndroidManifest.xml:127:13-72
267        <activity
267-->[com.onesignal:OneSignal:4.8.6] AndroidManifest.xml:128:9-133:75
268            android:name="com.onesignal.NotificationOpenedReceiverAndroid22AndOlder"
268-->[com.onesignal:OneSignal:4.8.6] AndroidManifest.xml:129:13-85
269            android:excludeFromRecents="true"
269-->[com.onesignal:OneSignal:4.8.6] AndroidManifest.xml:130:13-46
270            android:exported="true"
270-->[com.onesignal:OneSignal:4.8.6] AndroidManifest.xml:131:13-36
271            android:noHistory="true"
271-->[com.onesignal:OneSignal:4.8.6] AndroidManifest.xml:132:13-37
272            android:theme="@android:style/Theme.Translucent.NoTitleBar" />
272-->[com.onesignal:OneSignal:4.8.6] AndroidManifest.xml:133:13-72
273        <activity
273-->[com.google.firebase:firebase-auth:21.0.3] AndroidManifest.xml:27:9-44:20
274            android:name="com.google.firebase.auth.internal.GenericIdpActivity"
274-->[com.google.firebase:firebase-auth:21.0.3] AndroidManifest.xml:28:13-80
275            android:excludeFromRecents="true"
275-->[com.google.firebase:firebase-auth:21.0.3] AndroidManifest.xml:29:13-46
276            android:exported="true"
276-->[com.google.firebase:firebase-auth:21.0.3] AndroidManifest.xml:30:13-36
277            android:launchMode="singleTask"
277-->[com.google.firebase:firebase-auth:21.0.3] AndroidManifest.xml:31:13-44
278            android:theme="@android:style/Theme.Translucent.NoTitleBar" >
278-->[com.google.firebase:firebase-auth:21.0.3] AndroidManifest.xml:32:13-72
279            <intent-filter>
279-->[com.google.firebase:firebase-auth:21.0.3] AndroidManifest.xml:33:13-43:29
280                <action android:name="android.intent.action.VIEW" />
280-->src/main/AndroidManifest.xml:120:17-69
280-->src/main/AndroidManifest.xml:120:25-66
281
282                <category android:name="android.intent.category.DEFAULT" />
282-->src/main/AndroidManifest.xml:122:17-76
282-->src/main/AndroidManifest.xml:122:27-73
283                <category android:name="android.intent.category.BROWSABLE" />
283-->src/main/AndroidManifest.xml:123:17-78
283-->src/main/AndroidManifest.xml:123:27-75
284